<?xml version="1.0" encoding="UTF-8"?>
<testsuite name="com.kgd.book.springboot.web.IndexControllerTest" tests="1" skipped="0" failures="0" errors="0" timestamp="2022-08-15T14:46:49" hostname="DESKTOP-FUIJ3RJ" time="0.244">
  <properties/>
  <testcase name="메인페이지_로딩" classname="com.kgd.book.springboot.web.IndexControllerTest" time="0.244"/>
  <system-out><![CDATA[2022-08-15 23:46:47.602  INFO 1396 --- [    Test worker] .b.t.c.SpringBootTestContextBootstrapper : Neither @ContextConfiguration nor @ContextHierarchy found for test class [com.kgd.book.springboot.web.IndexControllerTest], using SpringBootContextLoader
2022-08-15 23:46:47.603  INFO 1396 --- [    Test worker] o.s.t.c.support.AbstractContextLoader    : Could not detect default resource locations for test class [com.kgd.book.springboot.web.IndexControllerTest]: no resource found for suffixes {-context.xml, Context.groovy}.
2022-08-15 23:46:47.604  INFO 1396 --- [    Test worker] t.c.s.AnnotationConfigContextLoaderUtils : Could not detect default configuration classes for test class [com.kgd.book.springboot.web.IndexControllerTest]: IndexControllerTest does not declare any static, non-private, non-final, nested classes annotated with @Configuration.
2022-08-15 23:46:47.605  INFO 1396 --- [    Test worker] .b.t.c.SpringBootTestContextBootstrapper : Found @SpringBootConfiguration com.kgd.book.springboot.Application for test class com.kgd.book.springboot.web.IndexControllerTest
2022-08-15 23:46:47.606  INFO 1396 --- [    Test worker] .b.t.c.SpringBootTestContextBootstrapper : Loaded default TestExecutionListener class names from location [META-INF/spring.factories]: [org.springframework.boot.test.autoconfigure.restdocs.RestDocsTestExecutionListener, org.springframework.boot.test.autoconfigure.web.client.MockRestServiceServerResetTestExecutionListener, org.springframework.boot.test.autoconfigure.web.servlet.MockMvcPrintOnlyOnFailureTestExecutionListener, org.springframework.boot.test.autoconfigure.web.servlet.WebDriverTestExecutionListener, org.springframework.boot.test.mock.mockito.MockitoTestExecutionListener, org.springframework.boot.test.mock.mockito.ResetMocksTestExecutionListener, org.springframework.test.context.web.ServletTestExecutionListener, org.springframework.test.context.support.DirtiesContextBeforeModesTestExecutionListener, org.springframework.test.context.support.DependencyInjectionTestExecutionListener, org.springframework.test.context.support.DirtiesContextTestExecutionListener, org.springframework.test.context.transaction.TransactionalTestExecutionListener, org.springframework.test.context.jdbc.SqlScriptsTestExecutionListener]
2022-08-15 23:46:47.606  INFO 1396 --- [    Test worker] .b.t.c.SpringBootTestContextBootstrapper : Using TestExecutionListeners: [org.springframework.test.context.web.ServletTestExecutionListener@34f2d3a6, org.springframework.test.context.support.DirtiesContextBeforeModesTestExecutionListener@3da701a1, org.springframework.boot.test.mock.mockito.MockitoTestExecutionListener@6f51d1cc, org.springframework.boot.test.autoconfigure.SpringBootDependencyInjectionTestExecutionListener@17d25e1d, org.springframework.test.context.support.DirtiesContextTestExecutionListener@359fd0a2, org.springframework.test.context.transaction.TransactionalTestExecutionListener@30b075b9, org.springframework.test.context.jdbc.SqlScriptsTestExecutionListener@510e0dd2, org.springframework.boot.test.autoconfigure.restdocs.RestDocsTestExecutionListener@54a98358, org.springframework.boot.test.autoconfigure.web.client.MockRestServiceServerResetTestExecutionListener@1f7853af, org.springframework.boot.test.autoconfigure.web.servlet.MockMvcPrintOnlyOnFailureTestExecutionListener@2c56e044, org.springframework.boot.test.autoconfigure.web.servlet.WebDriverTestExecutionListener@d970881, org.springframework.boot.test.mock.mockito.ResetMocksTestExecutionListener@153cf928]

  .   ____          _            __ _ _
 /\\ / ___'_ __ _ _(_)_ __  __ _ \ \ \ \
( ( )\___ | '_ | '_| | '_ \/ _` | \ \ \ \
 \\/  ___)| |_)| | | | | || (_| |  ) ) ) )
  '  |____| .__|_| |_|_| |_\__, | / / / /
 =========|_|==============|___/=/_/_/_/
 :: Spring Boot ::        (v2.1.7.RELEASE)

2022-08-15 23:46:47.731  INFO 1396 --- [    Test worker] c.k.b.s.web.IndexControllerTest          : Starting IndexControllerTest on DESKTOP-FUIJ3RJ with PID 1396 (started by ksd49 in C:\spring_kgd\boot_aws)
2022-08-15 23:46:47.732  INFO 1396 --- [    Test worker] c.k.b.s.web.IndexControllerTest          : No active profile set, falling back to default profiles: default
2022-08-15 23:46:48.010  INFO 1396 --- [    Test worker] .s.d.r.c.RepositoryConfigurationDelegate : Bootstrapping Spring Data repositories in DEFAULT mode.
2022-08-15 23:46:48.054  INFO 1396 --- [    Test worker] .s.d.r.c.RepositoryConfigurationDelegate : Finished Spring Data repository scanning in 44ms. Found 1 repository interfaces.
2022-08-15 23:46:48.134  INFO 1396 --- [    Test worker] trationDelegate$BeanPostProcessorChecker : Bean 'org.springframework.transaction.annotation.ProxyTransactionManagementConfiguration' of type [org.springframework.transaction.annotation.ProxyTransactionManagementConfiguration$$EnhancerBySpringCGLIB$$50f69a91] is not eligible for getting processed by all BeanPostProcessors (for example: not eligible for auto-proxying)
2022-08-15 23:46:48.409  INFO 1396 --- [    Test worker] o.s.b.w.embedded.tomcat.TomcatWebServer  : Tomcat initialized with port(s): 0 (http)
2022-08-15 23:46:48.445  INFO 1396 --- [    Test worker] o.apache.catalina.core.StandardService   : Starting service [Tomcat]
2022-08-15 23:46:48.445  INFO 1396 --- [    Test worker] org.apache.catalina.core.StandardEngine  : Starting Servlet engine: [Apache Tomcat/9.0.22]
2022-08-15 23:46:48.633  INFO 1396 --- [    Test worker] o.a.c.c.C.[Tomcat].[localhost].[/]       : Initializing Spring embedded WebApplicationContext
2022-08-15 23:46:48.633  INFO 1396 --- [    Test worker] o.s.web.context.ContextLoader            : Root WebApplicationContext: initialization completed in 895 ms
2022-08-15 23:46:48.865  INFO 1396 --- [    Test worker] com.zaxxer.hikari.HikariDataSource       : HikariPool-2 - Starting...
2022-08-15 23:46:48.867  INFO 1396 --- [    Test worker] com.zaxxer.hikari.HikariDataSource       : HikariPool-2 - Start completed.
2022-08-15 23:46:48.896  INFO 1396 --- [    Test worker] o.hibernate.jpa.internal.util.LogHelper  : HHH000204: Processing PersistenceUnitInfo [
	name: default
	...]
2022-08-15 23:46:48.914  INFO 1396 --- [    Test worker] org.hibernate.dialect.Dialect            : HHH000400: Using dialect: org.hibernate.dialect.H2Dialect
Hibernate: drop table posts if exists
Hibernate: create table posts (id bigint generated by default as identity, create_date timestamp, modified_date timestamp, author varchar(255), content TEXT not null, title varchar(500) not null, primary key (id))
2022-08-15 23:46:48.964  INFO 1396 --- [    Test worker] o.h.t.schema.internal.SchemaCreatorImpl  : HHH000476: Executing import script 'org.hibernate.tool.schema.internal.exec.ScriptSourceInputNonExistentImpl@476c137b'
2022-08-15 23:46:48.964  INFO 1396 --- [    Test worker] j.LocalContainerEntityManagerFactoryBean : Initialized JPA EntityManagerFactory for persistence unit 'default'
2022-08-15 23:46:49.025  INFO 1396 --- [    Test worker] o.h.h.i.QueryTranslatorFactoryInitiator  : HHH000397: Using ASTQueryTranslatorFactory
2022-08-15 23:46:49.296  INFO 1396 --- [    Test worker] o.s.s.concurrent.ThreadPoolTaskExecutor  : Initializing ExecutorService 'applicationTaskExecutor'
2022-08-15 23:46:49.308  WARN 1396 --- [    Test worker] aWebConfiguration$JpaWebMvcConfiguration : spring.jpa.open-in-view is enabled by default. Therefore, database queries may be performed during view rendering. Explicitly configure spring.jpa.open-in-view to disable this warning
2022-08-15 23:46:49.341  INFO 1396 --- [    Test worker] o.s.b.a.w.s.WelcomePageHandlerMapping    : Adding welcome page template: index
2022-08-15 23:46:49.636  INFO 1396 --- [    Test worker] o.s.b.w.embedded.tomcat.TomcatWebServer  : Tomcat started on port(s): 49409 (http) with context path ''
2022-08-15 23:46:49.637  INFO 1396 --- [    Test worker] c.k.b.s.web.IndexControllerTest          : Started IndexControllerTest in 2.014 seconds (JVM running for 11.418)
2022-08-15 23:46:49.764  INFO 1396 --- [o-auto-1-exec-1] o.a.c.c.C.[Tomcat].[localhost].[/]       : Initializing Spring DispatcherServlet 'dispatcherServlet'
2022-08-15 23:46:49.765  INFO 1396 --- [o-auto-1-exec-1] o.s.web.servlet.DispatcherServlet        : Initializing Servlet 'dispatcherServlet'
2022-08-15 23:46:49.792  INFO 1396 --- [o-auto-1-exec-1] o.s.web.servlet.DispatcherServlet        : Completed initialization in 27 ms
Hibernate: select posts0_.id as id1_0_, posts0_.create_date as create_d2_0_, posts0_.modified_date as modified3_0_, posts0_.author as author4_0_, posts0_.content as content5_0_, posts0_.title as title6_0_ from posts posts0_ order by posts0_.id DESC
]]></system-out>
  <system-err><![CDATA[]]></system-err>
</testsuite>
