<?xml version="1.0" encoding="UTF-8"?>
<testsuite name="com.kgd.book.springboot.web.dto.HelloResponseDtoTest" tests="1" skipped="0" failures="0" errors="0" timestamp="2022-08-15T14:46:50" hostname="DESKTOP-FUIJ3RJ" time="0.001">
  <properties/>
  <testcase name="롬복_기능_테스트" classname="com.kgd.book.springboot.web.dto.HelloResponseDtoTest" time="0.001"/>
  <system-out><![CDATA[]]></system-out>
  <system-err><![CDATA[]]></system-err>
</testsuite>
