<?xml version="1.0" encoding="UTF-8"?>
<testsuite name="com.kgd.book.springboot.domain.posts.PostsRepositoryTest" tests="1" skipped="0" failures="0" errors="0" timestamp="2022-07-28T13:25:46" hostname="DESKTOP-FUIJ3RJ" time="0.476">
  <properties/>
  <testcase name="게시글저장_불러오기" classname="com.kgd.book.springboot.domain.posts.PostsRepositoryTest" time="0.476"/>
  <system-out><![CDATA[22:25:40.919 [Test worker] DEBUG org.springframework.test.context.junit4.SpringJUnit4ClassRunner - SpringJUnit4ClassRunner constructor called with [class com.kgd.book.springboot.domain.posts.PostsRepositoryTest]
22:25:40.928 [Test worker] DEBUG org.springframework.test.context.BootstrapUtils - Instantiating CacheAwareContextLoaderDelegate from class [org.springframework.test.context.cache.DefaultCacheAwareContextLoaderDelegate]
22:25:40.937 [Test worker] DEBUG org.springframework.test.context.BootstrapUtils - Instantiating BootstrapContext using constructor [public org.springframework.test.context.support.DefaultBootstrapContext(java.lang.Class,org.springframework.test.context.CacheAwareContextLoaderDelegate)]
22:25:40.954 [Test worker] DEBUG org.springframework.test.context.BootstrapUtils - Instantiating TestContextBootstrapper for test class [com.kgd.book.springboot.domain.posts.PostsRepositoryTest] from class [org.springframework.boot.test.context.SpringBootTestContextBootstrapper]
22:25:40.968 [Test worker] INFO org.springframework.boot.test.context.SpringBootTestContextBootstrapper - Neither @ContextConfiguration nor @ContextHierarchy found for test class [com.kgd.book.springboot.domain.posts.PostsRepositoryTest], using SpringBootContextLoader
22:25:40.972 [Test worker] DEBUG org.springframework.test.context.support.AbstractContextLoader - Did not detect default resource location for test class [com.kgd.book.springboot.domain.posts.PostsRepositoryTest]: class path resource [com/kgd/book/springboot/domain/posts/PostsRepositoryTest-context.xml] does not exist
22:25:40.973 [Test worker] DEBUG org.springframework.test.context.support.AbstractContextLoader - Did not detect default resource location for test class [com.kgd.book.springboot.domain.posts.PostsRepositoryTest]: class path resource [com/kgd/book/springboot/domain/posts/PostsRepositoryTestContext.groovy] does not exist
22:25:40.973 [Test worker] INFO org.springframework.test.context.support.AbstractContextLoader - Could not detect default resource locations for test class [com.kgd.book.springboot.domain.posts.PostsRepositoryTest]: no resource found for suffixes {-context.xml, Context.groovy}.
22:25:40.974 [Test worker] INFO org.springframework.test.context.support.AnnotationConfigContextLoaderUtils - Could not detect default configuration classes for test class [com.kgd.book.springboot.domain.posts.PostsRepositoryTest]: PostsRepositoryTest does not declare any static, non-private, non-final, nested classes annotated with @Configuration.
22:25:41.024 [Test worker] DEBUG org.springframework.test.context.support.ActiveProfilesUtils - Could not find an 'annotation declaring class' for annotation type [org.springframework.test.context.ActiveProfiles] and class [com.kgd.book.springboot.domain.posts.PostsRepositoryTest]
22:25:41.094 [Test worker] DEBUG org.springframework.context.annotation.ClassPathScanningCandidateComponentProvider - Identified candidate component class: file [C:\spring_kgd\boot_aws\build\classes\java\main\com\kgd\book\springboot\Application.class]
22:25:41.095 [Test worker] INFO org.springframework.boot.test.context.SpringBootTestContextBootstrapper - Found @SpringBootConfiguration com.kgd.book.springboot.Application for test class com.kgd.book.springboot.domain.posts.PostsRepositoryTest
22:25:41.204 [Test worker] DEBUG org.springframework.boot.test.context.SpringBootTestContextBootstrapper - @TestExecutionListeners is not present for class [com.kgd.book.springboot.domain.posts.PostsRepositoryTest]: using defaults.
22:25:41.205 [Test worker] INFO org.springframework.boot.test.context.SpringBootTestContextBootstrapper - Loaded default TestExecutionListener class names from location [META-INF/spring.factories]: [org.springframework.boot.test.autoconfigure.restdocs.RestDocsTestExecutionListener, org.springframework.boot.test.autoconfigure.web.client.MockRestServiceServerResetTestExecutionListener, org.springframework.boot.test.autoconfigure.web.servlet.MockMvcPrintOnlyOnFailureTestExecutionListener, org.springframework.boot.test.autoconfigure.web.servlet.WebDriverTestExecutionListener, org.springframework.boot.test.mock.mockito.MockitoTestExecutionListener, org.springframework.boot.test.mock.mockito.ResetMocksTestExecutionListener, org.springframework.test.context.web.ServletTestExecutionListener, org.springframework.test.context.support.DirtiesContextBeforeModesTestExecutionListener, org.springframework.test.context.support.DependencyInjectionTestExecutionListener, org.springframework.test.context.support.DirtiesContextTestExecutionListener, org.springframework.test.context.transaction.TransactionalTestExecutionListener, org.springframework.test.context.jdbc.SqlScriptsTestExecutionListener]
22:25:41.226 [Test worker] INFO org.springframework.boot.test.context.SpringBootTestContextBootstrapper - Using TestExecutionListeners: [org.springframework.test.context.web.ServletTestExecutionListener@5c87bfe2, org.springframework.test.context.support.DirtiesContextBeforeModesTestExecutionListener@2fea7088, org.springframework.boot.test.mock.mockito.MockitoTestExecutionListener@40499e4f, org.springframework.boot.test.autoconfigure.SpringBootDependencyInjectionTestExecutionListener@51cd7ffc, org.springframework.test.context.support.DirtiesContextTestExecutionListener@30d4b288, org.springframework.test.context.transaction.TransactionalTestExecutionListener@4cc6fa2a, org.springframework.test.context.jdbc.SqlScriptsTestExecutionListener@40f1be1b, org.springframework.boot.test.autoconfigure.restdocs.RestDocsTestExecutionListener@7a791b66, org.springframework.boot.test.autoconfigure.web.client.MockRestServiceServerResetTestExecutionListener@6f2cb653, org.springframework.boot.test.autoconfigure.web.servlet.MockMvcPrintOnlyOnFailureTestExecutionListener@14c01636, org.springframework.boot.test.autoconfigure.web.servlet.WebDriverTestExecutionListener@590c73d3, org.springframework.boot.test.mock.mockito.ResetMocksTestExecutionListener@6b9ce1bf]
22:25:41.230 [Test worker] DEBUG org.springframework.test.annotation.ProfileValueUtils - Retrieved @ProfileValueSourceConfiguration [null] for test class [com.kgd.book.springboot.domain.posts.PostsRepositoryTest]
22:25:41.231 [Test worker] DEBUG org.springframework.test.annotation.ProfileValueUtils - Retrieved ProfileValueSource type [class org.springframework.test.annotation.SystemProfileValueSource] for class [com.kgd.book.springboot.domain.posts.PostsRepositoryTest]
22:25:41.233 [Test worker] DEBUG org.springframework.test.annotation.ProfileValueUtils - Retrieved @ProfileValueSourceConfiguration [null] for test class [com.kgd.book.springboot.domain.posts.PostsRepositoryTest]
22:25:41.234 [Test worker] DEBUG org.springframework.test.annotation.ProfileValueUtils - Retrieved ProfileValueSource type [class org.springframework.test.annotation.SystemProfileValueSource] for class [com.kgd.book.springboot.domain.posts.PostsRepositoryTest]
22:25:41.236 [Test worker] DEBUG org.springframework.test.annotation.ProfileValueUtils - Retrieved @ProfileValueSourceConfiguration [null] for test class [com.kgd.book.springboot.domain.posts.PostsRepositoryTest]
22:25:41.236 [Test worker] DEBUG org.springframework.test.annotation.ProfileValueUtils - Retrieved ProfileValueSource type [class org.springframework.test.annotation.SystemProfileValueSource] for class [com.kgd.book.springboot.domain.posts.PostsRepositoryTest]
22:25:41.240 [Test worker] DEBUG org.springframework.test.context.support.AbstractDirtiesContextTestExecutionListener - Before test class: context [DefaultTestContext@2bef51f2 testClass = PostsRepositoryTest, testInstance = [null], testMethod = [null], testException = [null], mergedContextConfiguration = [WebMergedContextConfiguration@650eab8 testClass = PostsRepositoryTest, locations = '{}', classes = '{class com.kgd.book.springboot.Application}', contextInitializerClasses = '[]', activeProfiles = '{}', propertySourceLocations = '{}', propertySourceProperties = '{org.springframework.boot.test.context.SpringBootTestContextBootstrapper=true}', contextCustomizers = set[org.springframework.boot.test.autoconfigure.properties.PropertyMappingContextCustomizer@0, org.springframework.boot.test.autoconfigure.web.servlet.WebDriverContextCustomizerFactory$Customizer@1fa1cab1, org.springframework.boot.test.context.filter.ExcludeFilterContextCustomizer@5b6ec132, org.springframework.boot.test.json.DuplicateJsonObjectContextCustomizerFactory$DuplicateJsonObjectContextCustomizer@2c78d320, org.springframework.boot.test.mock.mockito.MockitoContextCustomizer@0, org.springframework.boot.test.web.client.TestRestTemplateContextCustomizer@1fc32e4f], resourceBasePath = 'src/main/webapp', contextLoader = 'org.springframework.boot.test.context.SpringBootContextLoader', parent = [null]], attributes = map['org.springframework.test.context.web.ServletTestExecutionListener.activateListener' -> true]], class annotated with @DirtiesContext [false] with mode [null].
22:25:41.241 [Test worker] DEBUG org.springframework.test.annotation.ProfileValueUtils - Retrieved @ProfileValueSourceConfiguration [null] for test class [com.kgd.book.springboot.domain.posts.PostsRepositoryTest]
22:25:41.241 [Test worker] DEBUG org.springframework.test.annotation.ProfileValueUtils - Retrieved ProfileValueSource type [class org.springframework.test.annotation.SystemProfileValueSource] for class [com.kgd.book.springboot.domain.posts.PostsRepositoryTest]
22:25:41.264 [Test worker] DEBUG org.springframework.test.context.support.TestPropertySourceUtils - Adding inlined properties to environment: {spring.jmx.enabled=false, org.springframework.boot.test.context.SpringBootTestContextBootstrapper=true, server.port=-1}

  .   ____          _            __ _ _
 /\\ / ___'_ __ _ _(_)_ __  __ _ \ \ \ \
( ( )\___ | '_ | '_| | '_ \/ _` | \ \ \ \
 \\/  ___)| |_)| | | | | || (_| |  ) ) ) )
  '  |____| .__|_| |_|_| |_\__, | / / / /
 =========|_|==============|___/=/_/_/_/
 :: Spring Boot ::        (v2.1.7.RELEASE)

2022-07-28 22:25:41.581  INFO 7644 --- [    Test worker] c.k.b.s.d.posts.PostsRepositoryTest      : Starting PostsRepositoryTest on DESKTOP-FUIJ3RJ with PID 7644 (started by ksd49 in C:\spring_kgd\boot_aws)
2022-07-28 22:25:41.582  INFO 7644 --- [    Test worker] c.k.b.s.d.posts.PostsRepositoryTest      : No active profile set, falling back to default profiles: default
2022-07-28 22:25:42.572  INFO 7644 --- [    Test worker] .s.d.r.c.RepositoryConfigurationDelegate : Bootstrapping Spring Data repositories in DEFAULT mode.
2022-07-28 22:25:42.667  INFO 7644 --- [    Test worker] .s.d.r.c.RepositoryConfigurationDelegate : Finished Spring Data repository scanning in 85ms. Found 1 repository interfaces.
2022-07-28 22:25:43.175  INFO 7644 --- [    Test worker] trationDelegate$BeanPostProcessorChecker : Bean 'org.springframework.transaction.annotation.ProxyTransactionManagementConfiguration' of type [org.springframework.transaction.annotation.ProxyTransactionManagementConfiguration$$EnhancerBySpringCGLIB$$adc07587] is not eligible for getting processed by all BeanPostProcessors (for example: not eligible for auto-proxying)
2022-07-28 22:25:43.437  INFO 7644 --- [    Test worker] com.zaxxer.hikari.HikariDataSource       : HikariPool-1 - Starting...
2022-07-28 22:25:43.647  INFO 7644 --- [    Test worker] com.zaxxer.hikari.HikariDataSource       : HikariPool-1 - Start completed.
2022-07-28 22:25:43.791  INFO 7644 --- [    Test worker] o.hibernate.jpa.internal.util.LogHelper  : HHH000204: Processing PersistenceUnitInfo [
	name: default
	...]
2022-07-28 22:25:43.908  INFO 7644 --- [    Test worker] org.hibernate.Version                    : HHH000412: Hibernate Core {5.3.10.Final}
2022-07-28 22:25:43.910  INFO 7644 --- [    Test worker] org.hibernate.cfg.Environment            : HHH000206: hibernate.properties not found
2022-07-28 22:25:44.137  INFO 7644 --- [    Test worker] o.hibernate.annotations.common.Version   : HCANN000001: Hibernate Commons Annotations {5.0.4.Final}
2022-07-28 22:25:44.384  INFO 7644 --- [    Test worker] org.hibernate.dialect.Dialect            : HHH000400: Using dialect: org.hibernate.dialect.H2Dialect
Hibernate: drop table posts if exists
Hibernate: create table posts (id bigint generated by default as identity, author varchar(255), content TEXT not null, title varchar(500) not null, primary key (id))
2022-07-28 22:25:45.176  INFO 7644 --- [    Test worker] o.h.t.schema.internal.SchemaCreatorImpl  : HHH000476: Executing import script 'org.hibernate.tool.schema.internal.exec.ScriptSourceInputNonExistentImpl@5be69f7e'
2022-07-28 22:25:45.180  INFO 7644 --- [    Test worker] j.LocalContainerEntityManagerFactoryBean : Initialized JPA EntityManagerFactory for persistence unit 'default'
2022-07-28 22:25:46.253  INFO 7644 --- [    Test worker] o.s.s.concurrent.ThreadPoolTaskExecutor  : Initializing ExecutorService 'applicationTaskExecutor'
2022-07-28 22:25:46.339  WARN 7644 --- [    Test worker] aWebConfiguration$JpaWebMvcConfiguration : spring.jpa.open-in-view is enabled by default. Therefore, database queries may be performed during view rendering. Explicitly configure spring.jpa.open-in-view to disable this warning
2022-07-28 22:25:46.836  INFO 7644 --- [    Test worker] c.k.b.s.d.posts.PostsRepositoryTest      : Started PostsRepositoryTest in 5.562 seconds (JVM running for 6.658)
Hibernate: insert into posts (id, author, content, title) values (null, ?, ?, ?)
2022-07-28 22:25:47.129  INFO 7644 --- [    Test worker] o.h.h.i.QueryTranslatorFactoryInitiator  : HHH000397: Using ASTQueryTranslatorFactory
Hibernate: select posts0_.id as id1_0_, posts0_.author as author2_0_, posts0_.content as content3_0_, posts0_.title as title4_0_ from posts posts0_
Hibernate: select posts0_.id as id1_0_, posts0_.author as author2_0_, posts0_.content as content3_0_, posts0_.title as title4_0_ from posts posts0_
Hibernate: delete from posts where id=?
]]></system-out>
  <system-err><![CDATA[]]></system-err>
</testsuite>
