<?xml version="1.0" encoding="UTF-8"?>
<testsuite name="com.kgd.book.springboot.web.IndexControllerTest" tests="1" skipped="0" failures="0" errors="0" timestamp="2022-08-15T15:03:24" hostname="DESKTOP-FUIJ3RJ" time="0.236">
  <properties/>
  <testcase name="메인페이지_로딩" classname="com.kgd.book.springboot.web.IndexControllerTest" time="0.236"/>
  <system-out><![CDATA[2022-08-16 00:03:22.119  INFO 10880 --- [    Test worker] .b.t.c.SpringBootTestContextBootstrapper : Neither @ContextConfiguration nor @ContextHierarchy found for test class [com.kgd.book.springboot.web.IndexControllerTest], using SpringBootContextLoader
2022-08-16 00:03:22.120  INFO 10880 --- [    Test worker] o.s.t.c.support.AbstractContextLoader    : Could not detect default resource locations for test class [com.kgd.book.springboot.web.IndexControllerTest]: no resource found for suffixes {-context.xml, Context.groovy}.
2022-08-16 00:03:22.120  INFO 10880 --- [    Test worker] t.c.s.AnnotationConfigContextLoaderUtils : Could not detect default configuration classes for test class [com.kgd.book.springboot.web.IndexControllerTest]: IndexControllerTest does not declare any static, non-private, non-final, nested classes annotated with @Configuration.
2022-08-16 00:03:22.131  INFO 10880 --- [    Test worker] .b.t.c.SpringBootTestContextBootstrapper : Found @SpringBootConfiguration com.kgd.book.springboot.Application for test class com.kgd.book.springboot.web.IndexControllerTest
2022-08-16 00:03:22.133  INFO 10880 --- [    Test worker] .b.t.c.SpringBootTestContextBootstrapper : Loaded default TestExecutionListener class names from location [META-INF/spring.factories]: [org.springframework.boot.test.autoconfigure.restdocs.RestDocsTestExecutionListener, org.springframework.boot.test.autoconfigure.web.client.MockRestServiceServerResetTestExecutionListener, org.springframework.boot.test.autoconfigure.web.servlet.MockMvcPrintOnlyOnFailureTestExecutionListener, org.springframework.boot.test.autoconfigure.web.servlet.WebDriverTestExecutionListener, org.springframework.boot.test.mock.mockito.MockitoTestExecutionListener, org.springframework.boot.test.mock.mockito.ResetMocksTestExecutionListener, org.springframework.test.context.web.ServletTestExecutionListener, org.springframework.test.context.support.DirtiesContextBeforeModesTestExecutionListener, org.springframework.test.context.support.DependencyInjectionTestExecutionListener, org.springframework.test.context.support.DirtiesContextTestExecutionListener, org.springframework.test.context.transaction.TransactionalTestExecutionListener, org.springframework.test.context.jdbc.SqlScriptsTestExecutionListener]
2022-08-16 00:03:22.134  INFO 10880 --- [    Test worker] .b.t.c.SpringBootTestContextBootstrapper : Using TestExecutionListeners: [org.springframework.test.context.web.ServletTestExecutionListener@3872867d, org.springframework.test.context.support.DirtiesContextBeforeModesTestExecutionListener@4f72078d, org.springframework.boot.test.mock.mockito.MockitoTestExecutionListener@2e4d252, org.springframework.boot.test.autoconfigure.SpringBootDependencyInjectionTestExecutionListener@3555d804, org.springframework.test.context.support.DirtiesContextTestExecutionListener@19b8f1bd, org.springframework.test.context.transaction.TransactionalTestExecutionListener@46a9c368, org.springframework.test.context.jdbc.SqlScriptsTestExecutionListener@62fbefad, org.springframework.boot.test.autoconfigure.restdocs.RestDocsTestExecutionListener@79f59e0e, org.springframework.boot.test.autoconfigure.web.client.MockRestServiceServerResetTestExecutionListener@279ebd94, org.springframework.boot.test.autoconfigure.web.servlet.MockMvcPrintOnlyOnFailureTestExecutionListener@2fa4888c, org.springframework.boot.test.autoconfigure.web.servlet.WebDriverTestExecutionListener@121f9c52, org.springframework.boot.test.mock.mockito.ResetMocksTestExecutionListener@47cf65f1]

  .   ____          _            __ _ _
 /\\ / ___'_ __ _ _(_)_ __  __ _ \ \ \ \
( ( )\___ | '_ | '_| | '_ \/ _` | \ \ \ \
 \\/  ___)| |_)| | | | | || (_| |  ) ) ) )
  '  |____| .__|_| |_|_| |_\__, | / / / /
 =========|_|==============|___/=/_/_/_/
 :: Spring Boot ::        (v2.1.7.RELEASE)

2022-08-16 00:03:22.186  INFO 10880 --- [    Test worker] c.k.b.s.web.IndexControllerTest          : Starting IndexControllerTest on DESKTOP-FUIJ3RJ with PID 10880 (started by ksd49 in C:\spring_kgd\boot_aws)
2022-08-16 00:03:22.186  INFO 10880 --- [    Test worker] c.k.b.s.web.IndexControllerTest          : No active profile set, falling back to default profiles: default
2022-08-16 00:03:22.419  INFO 10880 --- [    Test worker] .s.d.r.c.RepositoryConfigurationDelegate : Bootstrapping Spring Data repositories in DEFAULT mode.
2022-08-16 00:03:22.440  INFO 10880 --- [    Test worker] .s.d.r.c.RepositoryConfigurationDelegate : Finished Spring Data repository scanning in 20ms. Found 1 repository interfaces.
2022-08-16 00:03:22.532  INFO 10880 --- [    Test worker] trationDelegate$BeanPostProcessorChecker : Bean 'org.springframework.transaction.annotation.ProxyTransactionManagementConfiguration' of type [org.springframework.transaction.annotation.ProxyTransactionManagementConfiguration$$EnhancerBySpringCGLIB$$84e3a547] is not eligible for getting processed by all BeanPostProcessors (for example: not eligible for auto-proxying)
2022-08-16 00:03:22.814  INFO 10880 --- [    Test worker] o.s.b.w.embedded.tomcat.TomcatWebServer  : Tomcat initialized with port(s): 0 (http)
2022-08-16 00:03:22.850  INFO 10880 --- [    Test worker] o.apache.catalina.core.StandardService   : Starting service [Tomcat]
2022-08-16 00:03:22.851  INFO 10880 --- [    Test worker] org.apache.catalina.core.StandardEngine  : Starting Servlet engine: [Apache Tomcat/9.0.22]
2022-08-16 00:03:23.033  INFO 10880 --- [    Test worker] o.a.c.c.C.[Tomcat].[localhost].[/]       : Initializing Spring embedded WebApplicationContext
2022-08-16 00:03:23.034  INFO 10880 --- [    Test worker] o.s.web.context.ContextLoader            : Root WebApplicationContext: initialization completed in 845 ms
2022-08-16 00:03:23.255  INFO 10880 --- [    Test worker] com.zaxxer.hikari.HikariDataSource       : HikariPool-2 - Starting...
2022-08-16 00:03:23.256  INFO 10880 --- [    Test worker] com.zaxxer.hikari.HikariDataSource       : HikariPool-2 - Start completed.
2022-08-16 00:03:23.303  INFO 10880 --- [    Test worker] o.hibernate.jpa.internal.util.LogHelper  : HHH000204: Processing PersistenceUnitInfo [
	name: default
	...]
2022-08-16 00:03:23.319  INFO 10880 --- [    Test worker] org.hibernate.dialect.Dialect            : HHH000400: Using dialect: org.hibernate.dialect.H2Dialect
Hibernate: drop table posts if exists
Hibernate: create table posts (id bigint generated by default as identity, create_date timestamp, modified_date timestamp, author varchar(255), content TEXT not null, title varchar(500) not null, primary key (id))
2022-08-16 00:03:23.357  INFO 10880 --- [    Test worker] o.h.t.schema.internal.SchemaCreatorImpl  : HHH000476: Executing import script 'org.hibernate.tool.schema.internal.exec.ScriptSourceInputNonExistentImpl@2d172c7'
2022-08-16 00:03:23.358  INFO 10880 --- [    Test worker] j.LocalContainerEntityManagerFactoryBean : Initialized JPA EntityManagerFactory for persistence unit 'default'
2022-08-16 00:03:23.415  INFO 10880 --- [    Test worker] o.h.h.i.QueryTranslatorFactoryInitiator  : HHH000397: Using ASTQueryTranslatorFactory
2022-08-16 00:03:23.667  INFO 10880 --- [    Test worker] o.s.s.concurrent.ThreadPoolTaskExecutor  : Initializing ExecutorService 'applicationTaskExecutor'
2022-08-16 00:03:23.681  WARN 10880 --- [    Test worker] aWebConfiguration$JpaWebMvcConfiguration : spring.jpa.open-in-view is enabled by default. Therefore, database queries may be performed during view rendering. Explicitly configure spring.jpa.open-in-view to disable this warning
2022-08-16 00:03:23.711  INFO 10880 --- [    Test worker] o.s.b.a.w.s.WelcomePageHandlerMapping    : Adding welcome page template: index
2022-08-16 00:03:24.005  INFO 10880 --- [    Test worker] o.s.b.w.embedded.tomcat.TomcatWebServer  : Tomcat started on port(s): 49816 (http) with context path ''
2022-08-16 00:03:24.006  INFO 10880 --- [    Test worker] c.k.b.s.web.IndexControllerTest          : Started IndexControllerTest in 1.87 seconds (JVM running for 9.241)
2022-08-16 00:03:24.120  INFO 10880 --- [o-auto-1-exec-1] o.a.c.c.C.[Tomcat].[localhost].[/]       : Initializing Spring DispatcherServlet 'dispatcherServlet'
2022-08-16 00:03:24.120  INFO 10880 --- [o-auto-1-exec-1] o.s.web.servlet.DispatcherServlet        : Initializing Servlet 'dispatcherServlet'
2022-08-16 00:03:24.152  INFO 10880 --- [o-auto-1-exec-1] o.s.web.servlet.DispatcherServlet        : Completed initialization in 32 ms
Hibernate: select posts0_.id as id1_0_, posts0_.create_date as create_d2_0_, posts0_.modified_date as modified3_0_, posts0_.author as author4_0_, posts0_.content as content5_0_, posts0_.title as title6_0_ from posts posts0_ order by posts0_.id DESC
]]></system-out>
  <system-err><![CDATA[]]></system-err>
</testsuite>
